{"D:\\Codebox\\PROJECTS\\FluidFlow\\services\\ai\\utils\\jsonOutput.ts": {"path":"D:\\Codebox\\PROJECTS\\FluidFlow\\services\\ai\\utils\\jsonOutput.ts","statementMap":{"0":{"start":{"line":51,"column":23},"end":{"line":51,"column":null}},"1":{"start":{"line":53,"column":2},"end":{"line":118,"column":null}},"2":{"start":{"line":55,"column":6},"end":{"line":59,"column":null}},"3":{"start":{"line":62,"column":6},"end":{"line":66,"column":null}},"4":{"start":{"line":71,"column":6},"end":{"line":75,"column":null}},"5":{"start":{"line":79,"column":6},"end":{"line":83,"column":null}},"6":{"start":{"line":88,"column":6},"end":{"line":92,"column":null}},"7":{"start":{"line":98,"column":6},"end":{"line":102,"column":null}},"8":{"start":{"line":106,"column":6},"end":{"line":110,"column":null}},"9":{"start":{"line":113,"column":6},"end":{"line":117,"column":null}},"10":{"start":{"line":135,"column":2},"end":{"line":137,"column":null}},"11":{"start":{"line":136,"column":4},"end":{"line":136,"column":null}},"12":{"start":{"line":140,"column":28},"end":{"line":143,"column":null}},"13":{"start":{"line":151,"column":2},"end":{"line":153,"column":null}},"14":{"start":{"line":167,"column":18},"end":{"line":167,"column":null}},"15":{"start":{"line":168,"column":13},"end":{"line":168,"column":null}},"16":{"start":{"line":169,"column":22},"end":{"line":169,"column":null}},"17":{"start":{"line":172,"column":2},"end":{"line":185,"column":null}},"18":{"start":{"line":173,"column":4},"end":{"line":184,"column":null}},"19":{"start":{"line":174,"column":6},"end":{"line":179,"column":null}},"20":{"start":{"line":183,"column":6},"end":{"line":183,"column":null}},"21":{"start":{"line":190,"column":2},"end":{"line":200,"column":null}},"22":{"start":{"line":191,"column":27},"end":{"line":191,"column":null}},"23":{"start":{"line":192,"column":4},"end":{"line":199,"column":null}},"24":{"start":{"line":193,"column":6},"end":{"line":193,"column":null}},"25":{"start":{"line":194,"column":6},"end":{"line":194,"column":null}},"26":{"start":{"line":197,"column":6},"end":{"line":197,"column":null}},"27":{"start":{"line":198,"column":6},"end":{"line":198,"column":null}},"28":{"start":{"line":203,"column":2},"end":{"line":203,"column":null}},"29":{"start":{"line":206,"column":2},"end":{"line":220,"column":null}},"30":{"start":{"line":208,"column":24},"end":{"line":208,"column":null}},"31":{"start":{"line":209,"column":4},"end":{"line":219,"column":null}},"32":{"start":{"line":210,"column":6},"end":{"line":210,"column":null}},"33":{"start":{"line":211,"column":6},"end":{"line":211,"column":null}},"34":{"start":{"line":214,"column":25},"end":{"line":214,"column":null}},"35":{"start":{"line":215,"column":6},"end":{"line":218,"column":null}},"36":{"start":{"line":216,"column":8},"end":{"line":216,"column":null}},"37":{"start":{"line":217,"column":8},"end":{"line":217,"column":null}},"38":{"start":{"line":223,"column":2},"end":{"line":233,"column":null}},"39":{"start":{"line":225,"column":10},"end":{"line":225,"column":null}},"40":{"start":{"line":226,"column":10},"end":{"line":226,"column":null}},"41":{"start":{"line":227,"column":4},"end":{"line":232,"column":null}},"42":{"start":{"line":229,"column":6},"end":{"line":229,"column":null}},"43":{"start":{"line":230,"column":6},"end":{"line":230,"column":null}},"44":{"start":{"line":231,"column":6},"end":{"line":231,"column":null}},"45":{"start":{"line":237,"column":2},"end":{"line":239,"column":null}},"46":{"start":{"line":242,"column":2},"end":{"line":273,"column":null}},"47":{"start":{"line":243,"column":4},"end":{"line":248,"column":null}},"48":{"start":{"line":251,"column":20},"end":{"line":251,"column":null}},"49":{"start":{"line":254,"column":4},"end":{"line":254,"column":null}},"50":{"start":{"line":255,"column":4},"end":{"line":255,"column":null}},"51":{"start":{"line":258,"column":4},"end":{"line":258,"column":null}},"52":{"start":{"line":260,"column":4},"end":{"line":272,"column":null}},"53":{"start":{"line":261,"column":6},"end":{"line":266,"column":null}},"54":{"start":{"line":269,"column":20},"end":{"line":269,"column":null}},"55":{"start":{"line":270,"column":6},"end":{"line":270,"column":null}},"56":{"start":{"line":271,"column":6},"end":{"line":271,"column":null}},"57":{"start":{"line":304,"column":21},"end":{"line":304,"column":null}},"58":{"start":{"line":306,"column":28},"end":{"line":310,"column":null}},"59":{"start":{"line":312,"column":26},"end":{"line":312,"column":null}},"60":{"start":{"line":313,"column":24},"end":{"line":313,"column":null}},"61":{"start":{"line":315,"column":2},"end":{"line":327,"column":null}},"62":{"start":{"line":326,"column":6},"end":{"line":326,"column":null}}},"fnMap":{"0":{"name":"getJsonCapability","decl":{"start":{"line":46,"column":16},"end":{"line":46,"column":null}},"loc":{"start":{"line":49,"column":18},"end":{"line":119,"column":null}},"line":49},"1":{"name":"buildJsonSystemInstruction","decl":{"start":{"line":129,"column":16},"end":{"line":129,"column":null}},"loc":{"start":{"line":133,"column":10},"end":{"line":154,"column":null}},"line":133},"2":{"name":"parseJsonResponse","decl":{"start":{"line":163,"column":16},"end":{"line":163,"column":null}},"loc":{"start":{"line":166,"column":22},"end":{"line":274,"column":null}},"line":166},"3":{"name":"prepareJsonRequest","decl":{"start":{"line":299,"column":16},"end":{"line":299,"column":null}},"loc":{"start":{"line":303,"column":2},"end":{"line":328,"column":null}},"line":303},"4":{"name":"(anonymous_4)","decl":{"start":{"line":325,"column":11},"end":{"line":325,"column":25}},"loc":{"start":{"line":326,"column":6},"end":{"line":326,"column":null}},"line":326}},"branchMap":{"0":{"loc":{"start":{"line":51,"column":23},"end":{"line":51,"column":null}},"type":"cond-expr","locations":[{"start":{"line":51,"column":23},"end":{"line":51,"column":77}},{"start":{"line":51,"column":77},"end":{"line":51,"column":null}}],"line":51},"1":{"loc":{"start":{"line":53,"column":2},"end":{"line":118,"column":null}},"type":"switch","locations":[{"start":{"line":54,"column":4},"end":{"line":59,"column":null}},{"start":{"line":61,"column":4},"end":{"line":66,"column":null}},{"start":{"line":68,"column":4},"end":{"line":75,"column":null}},{"start":{"line":77,"column":4},"end":{"line":83,"column":null}},{"start":{"line":85,"column":4},"end":{"line":85,"column":null}},{"start":{"line":86,"column":4},"end":{"line":92,"column":null}},{"start":{"line":94,"column":4},"end":{"line":102,"column":null}},{"start":{"line":104,"column":4},"end":{"line":110,"column":null}},{"start":{"line":112,"column":4},"end":{"line":117,"column":null}}],"line":53},"2":{"loc":{"start":{"line":58,"column":29},"end":{"line":58,"column":null}},"type":"binary-expr","locations":[{"start":{"line":58,"column":29},"end":{"line":58,"column":46}},{"start":{"line":58,"column":46},"end":{"line":58,"column":null}}],"line":58},"3":{"loc":{"start":{"line":65,"column":29},"end":{"line":65,"column":null}},"type":"binary-expr","locations":[{"start":{"line":65,"column":29},"end":{"line":65,"column":46}},{"start":{"line":65,"column":46},"end":{"line":65,"column":null}}],"line":65},"4":{"loc":{"start":{"line":74,"column":29},"end":{"line":74,"column":null}},"type":"binary-expr","locations":[{"start":{"line":74,"column":29},"end":{"line":74,"column":46}},{"start":{"line":74,"column":46},"end":{"line":74,"column":null}}],"line":74},"5":{"loc":{"start":{"line":101,"column":29},"end":{"line":101,"column":null}},"type":"binary-expr","locations":[{"start":{"line":101,"column":29},"end":{"line":101,"column":46}},{"start":{"line":101,"column":46},"end":{"line":101,"column":null}}],"line":101},"6":{"loc":{"start":{"line":135,"column":2},"end":{"line":137,"column":null}},"type":"if","locations":[{"start":{"line":135,"column":2},"end":{"line":137,"column":null}},{"start":{},"end":{}}],"line":135},"7":{"loc":{"start":{"line":135,"column":6},"end":{"line":135,"column":50}},"type":"binary-expr","locations":[{"start":{"line":135,"column":6},"end":{"line":135,"column":41}},{"start":{"line":135,"column":41},"end":{"line":135,"column":50}}],"line":135},"8":{"loc":{"start":{"line":151,"column":9},"end":{"line":153,"column":null}},"type":"cond-expr","locations":[{"start":{"line":152,"column":6},"end":{"line":152,"column":null}},{"start":{"line":153,"column":6},"end":{"line":153,"column":null}}],"line":151},"9":{"loc":{"start":{"line":172,"column":2},"end":{"line":185,"column":null}},"type":"if","locations":[{"start":{"line":172,"column":2},"end":{"line":185,"column":null}},{"start":{},"end":{}}],"line":172},"10":{"loc":{"start":{"line":190,"column":2},"end":{"line":200,"column":null}},"type":"if","locations":[{"start":{"line":190,"column":2},"end":{"line":200,"column":null}},{"start":{},"end":{}}],"line":190},"11":{"loc":{"start":{"line":192,"column":4},"end":{"line":199,"column":null}},"type":"if","locations":[{"start":{"line":192,"column":4},"end":{"line":199,"column":null}},{"start":{"line":195,"column":11},"end":{"line":199,"column":null}}],"line":192},"12":{"loc":{"start":{"line":206,"column":2},"end":{"line":220,"column":null}},"type":"if","locations":[{"start":{"line":206,"column":2},"end":{"line":220,"column":null}},{"start":{},"end":{}}],"line":206},"13":{"loc":{"start":{"line":206,"column":6},"end":{"line":206,"column":54}},"type":"binary-expr","locations":[{"start":{"line":206,"column":6},"end":{"line":206,"column":31}},{"start":{"line":206,"column":31},"end":{"line":206,"column":54}}],"line":206},"14":{"loc":{"start":{"line":209,"column":4},"end":{"line":219,"column":null}},"type":"if","locations":[{"start":{"line":209,"column":4},"end":{"line":219,"column":null}},{"start":{"line":212,"column":11},"end":{"line":219,"column":null}}],"line":209},"15":{"loc":{"start":{"line":215,"column":6},"end":{"line":218,"column":null}},"type":"if","locations":[{"start":{"line":215,"column":6},"end":{"line":218,"column":null}},{"start":{},"end":{}}],"line":215},"16":{"loc":{"start":{"line":223,"column":2},"end":{"line":233,"column":null}},"type":"if","locations":[{"start":{"line":223,"column":2},"end":{"line":233,"column":null}},{"start":{},"end":{}}],"line":223},"17":{"loc":{"start":{"line":223,"column":6},"end":{"line":223,"column":51}},"type":"binary-expr","locations":[{"start":{"line":223,"column":6},"end":{"line":223,"column":30}},{"start":{"line":223,"column":30},"end":{"line":223,"column":51}}],"line":223},"18":{"loc":{"start":{"line":225,"column":24},"end":{"line":225,"column":49}},"type":"binary-expr","locations":[{"start":{"line":225,"column":24},"end":{"line":225,"column":45}},{"start":{"line":225,"column":45},"end":{"line":225,"column":49}}],"line":225},"19":{"loc":{"start":{"line":226,"column":25},"end":{"line":226,"column":50}},"type":"binary-expr","locations":[{"start":{"line":226,"column":25},"end":{"line":226,"column":46}},{"start":{"line":226,"column":46},"end":{"line":226,"column":50}}],"line":226},"20":{"loc":{"start":{"line":227,"column":4},"end":{"line":232,"column":null}},"type":"if","locations":[{"start":{"line":227,"column":4},"end":{"line":232,"column":null}},{"start":{},"end":{}}],"line":227},"21":{"loc":{"start":{"line":237,"column":2},"end":{"line":239,"column":null}},"type":"if","locations":[{"start":{"line":237,"column":2},"end":{"line":239,"column":null}},{"start":{},"end":{}}],"line":237},"22":{"loc":{"start":{"line":237,"column":6},"end":{"line":237,"column":54}},"type":"binary-expr","locations":[{"start":{"line":237,"column":6},"end":{"line":237,"column":30}},{"start":{"line":237,"column":30},"end":{"line":237,"column":54}}],"line":237},"23":{"loc":{"start":{"line":269,"column":20},"end":{"line":269,"column":null}},"type":"cond-expr","locations":[{"start":{"line":269,"column":50},"end":{"line":269,"column":63}},{"start":{"line":269,"column":63},"end":{"line":269,"column":null}}],"line":269},"24":{"loc":{"start":{"line":313,"column":24},"end":{"line":313,"column":null}},"type":"binary-expr","locations":[{"start":{"line":313,"column":24},"end":{"line":313,"column":57}},{"start":{"line":313,"column":57},"end":{"line":313,"column":null}}],"line":313}},"s":{"0":10,"1":10,"2":3,"3":0,"4":2,"5":3,"6":0,"7":1,"8":1,"9":0,"10":6,"11":2,"12":4,"13":4,"14":7,"15":7,"16":7,"17":7,"18":1,"19":1,"20":0,"21":6,"22":2,"23":2,"24":2,"25":2,"26":0,"27":0,"28":6,"29":6,"30":2,"31":2,"32":1,"33":1,"34":1,"35":1,"36":0,"37":0,"38":6,"39":0,"40":0,"41":0,"42":0,"43":0,"44":0,"45":6,"46":6,"47":6,"48":2,"49":2,"50":2,"51":2,"52":2,"53":2,"54":1,"55":1,"56":1,"57":3,"58":3,"59":3,"60":3,"61":3,"62":1},"f":{"0":10,"1":6,"2":7,"3":3,"4":1},"b":{"0":[10,0],"1":[3,0,2,3,0,0,1,1,0],"2":[3,1],"3":[0,0],"4":[2,1],"5":[1,0],"6":[2,4],"7":[6,4],"8":[2,2],"9":[1,6],"10":[2,4],"11":[2,0],"12":[2,4],"13":[6,2],"14":[1,1],"15":[0,1],"16":[0,6],"17":[6,5],"18":[0,0],"19":[0,0],"20":[0,0],"21":[0,6],"22":[6,0],"23":[1,0],"24":[3,3]},"meta":{"lastBranch":25,"lastFunction":5,"lastStatement":63,"seen":{"f:46:16:46:Infinity":0,"s:51:23:51:Infinity":0,"b:51:23:51:77:51:77:51:Infinity":0,"b:54:4:59:Infinity:61:4:66:Infinity:68:4:75:Infinity:77:4:83:Infinity:85:4:85:Infinity:86:4:92:Infinity:94:4:102:Infinity:104:4:110:Infinity:112:4:117:Infinity":1,"s:53:2:118:Infinity":1,"s:55:6:59:Infinity":2,"b:58:29:58:46:58:46:58:Infinity":2,"s:62:6:66:Infinity":3,"b:65:29:65:46:65:46:65:Infinity":3,"s:71:6:75:Infinity":4,"b:74:29:74:46:74:46:74:Infinity":4,"s:79:6:83:Infinity":5,"s:88:6:92:Infinity":6,"s:98:6:102:Infinity":7,"b:101:29:101:46:101:46:101:Infinity":5,"s:106:6:110:Infinity":8,"s:113:6:117:Infinity":9,"f:129:16:129:Infinity":1,"b:135:2:137:Infinity:undefined:undefined:undefined:undefined":6,"s:135:2:137:Infinity":10,"b:135:6:135:41:135:41:135:50":7,"s:136:4:136:Infinity":11,"s:140:28:143:Infinity":12,"s:151:2:153:Infinity":13,"b:152:6:152:Infinity:153:6:153:Infinity":8,"f:163:16:163:Infinity":2,"s:167:18:167:Infinity":14,"s:168:13:168:Infinity":15,"s:169:22:169:Infinity":16,"b:172:2:185:Infinity:undefined:undefined:undefined:undefined":9,"s:172:2:185:Infinity":17,"s:173:4:184:Infinity":18,"s:174:6:179:Infinity":19,"s:183:6:183:Infinity":20,"b:190:2:200:Infinity:undefined:undefined:undefined:undefined":10,"s:190:2:200:Infinity":21,"s:191:27:191:Infinity":22,"b:192:4:199:Infinity:195:11:199:Infinity":11,"s:192:4:199:Infinity":23,"s:193:6:193:Infinity":24,"s:194:6:194:Infinity":25,"s:197:6:197:Infinity":26,"s:198:6:198:Infinity":27,"s:203:2:203:Infinity":28,"b:206:2:220:Infinity:undefined:undefined:undefined:undefined":12,"s:206:2:220:Infinity":29,"b:206:6:206:31:206:31:206:54":13,"s:208:24:208:Infinity":30,"b:209:4:219:Infinity:212:11:219:Infinity":14,"s:209:4:219:Infinity":31,"s:210:6:210:Infinity":32,"s:211:6:211:Infinity":33,"s:214:25:214:Infinity":34,"b:215:6:218:Infinity:undefined:undefined:undefined:undefined":15,"s:215:6:218:Infinity":35,"s:216:8:216:Infinity":36,"s:217:8:217:Infinity":37,"b:223:2:233:Infinity:undefined:undefined:undefined:undefined":16,"s:223:2:233:Infinity":38,"b:223:6:223:30:223:30:223:51":17,"s:225:10:225:Infinity":39,"b:225:24:225:45:225:45:225:49":18,"s:226:10:226:Infinity":40,"b:226:25:226:46:226:46:226:50":19,"b:227:4:232:Infinity:undefined:undefined:undefined:undefined":20,"s:227:4:232:Infinity":41,"s:229:6:229:Infinity":42,"s:230:6:230:Infinity":43,"s:231:6:231:Infinity":44,"b:237:2:239:Infinity:undefined:undefined:undefined:undefined":21,"s:237:2:239:Infinity":45,"b:237:6:237:30:237:30:237:54":22,"s:242:2:273:Infinity":46,"s:243:4:248:Infinity":47,"s:251:20:251:Infinity":48,"s:254:4:254:Infinity":49,"s:255:4:255:Infinity":50,"s:258:4:258:Infinity":51,"s:260:4:272:Infinity":52,"s:261:6:266:Infinity":53,"s:269:20:269:Infinity":54,"b:269:50:269:63:269:63:269:Infinity":23,"s:270:6:270:Infinity":55,"s:271:6:271:Infinity":56,"f:299:16:299:Infinity":3,"s:304:21:304:Infinity":57,"s:306:28:310:Infinity":58,"s:312:26:312:Infinity":59,"s:313:24:313:Infinity":60,"b:313:24:313:57:313:57:313:Infinity":24,"s:315:2:327:Infinity":61,"f:325:11:325:25":4,"s:326:6:326:Infinity":62}}}
,"D:\\Codebox\\PROJECTS\\FluidFlow\\services\\ai\\utils\\schemas.ts": {"path":"D:\\Codebox\\PROJECTS\\FluidFlow\\services\\ai\\utils\\schemas.ts","statementMap":{"0":{"start":{"line":20,"column":38},"end":{"line":41,"column":null}},"1":{"start":{"line":58,"column":2},"end":{"line":58,"column":null}},"2":{"start":{"line":67,"column":2},"end":{"line":69,"column":null}},"3":{"start":{"line":68,"column":4},"end":{"line":68,"column":null}},"4":{"start":{"line":72,"column":21},"end":{"line":72,"column":null}},"5":{"start":{"line":73,"column":2},"end":{"line":83,"column":null}},"6":{"start":{"line":74,"column":4},"end":{"line":82,"column":null}},"7":{"start":{"line":75,"column":6},"end":{"line":81,"column":null}},"8":{"start":{"line":76,"column":24},"end":{"line":76,"column":null}},"9":{"start":{"line":78,"column":8},"end":{"line":80,"column":null}},"10":{"start":{"line":79,"column":10},"end":{"line":79,"column":null}},"11":{"start":{"line":85,"column":2},"end":{"line":85,"column":null}},"12":{"start":{"line":96,"column":2},"end":{"line":96,"column":null}},"13":{"start":{"line":96,"column":15},"end":{"line":96,"column":null}},"14":{"start":{"line":99,"column":2},"end":{"line":99,"column":null}},"15":{"start":{"line":99,"column":36},"end":{"line":99,"column":null}},"16":{"start":{"line":106,"column":2},"end":{"line":110,"column":null}},"17":{"start":{"line":124,"column":2},"end":{"line":126,"column":null}},"18":{"start":{"line":125,"column":4},"end":{"line":125,"column":null}},"19":{"start":{"line":127,"column":2},"end":{"line":127,"column":null}},"20":{"start":{"line":134,"column":41},"end":{"line":173,"column":null}},"21":{"start":{"line":180,"column":42},"end":{"line":209,"column":null}},"22":{"start":{"line":215,"column":33},"end":{"line":242,"column":null}},"23":{"start":{"line":248,"column":32},"end":{"line":275,"column":null}},"24":{"start":{"line":281,"column":37},"end":{"line":304,"column":null}},"25":{"start":{"line":311,"column":34},"end":{"line":318,"column":null}},"26":{"start":{"line":351,"column":38},"end":{"line":397,"column":null}}},"fnMap":{"0":{"name":"supportsAdditionalProperties","decl":{"start":{"line":53,"column":16},"end":{"line":53,"column":45}},"loc":{"start":{"line":53,"column":83},"end":{"line":59,"column":null}},"line":53},"1":{"name":"schemaHasDynamicKeys","decl":{"start":{"line":65,"column":16},"end":{"line":65,"column":37}},"loc":{"start":{"line":65,"column":79},"end":{"line":86,"column":null}},"line":65},"2":{"name":"supportsNativeSchema","decl":{"start":{"line":94,"column":16},"end":{"line":94,"column":37}},"loc":{"start":{"line":94,"column":108},"end":{"line":112,"column":null}},"line":94},"3":{"name":"getSchemaForProvider","decl":{"start":{"line":118,"column":16},"end":{"line":118,"column":null}},"loc":{"start":{"line":122,"column":34},"end":{"line":128,"column":null}},"line":122}},"branchMap":{"0":{"loc":{"start":{"line":67,"column":2},"end":{"line":69,"column":null}},"type":"if","locations":[{"start":{"line":67,"column":2},"end":{"line":69,"column":null}},{"start":{},"end":{}}],"line":67},"1":{"loc":{"start":{"line":67,"column":6},"end":{"line":67,"column":86}},"type":"binary-expr","locations":[{"start":{"line":67,"column":6},"end":{"line":67,"column":37}},{"start":{"line":67,"column":37},"end":{"line":67,"column":86}}],"line":67},"2":{"loc":{"start":{"line":73,"column":2},"end":{"line":83,"column":null}},"type":"if","locations":[{"start":{"line":73,"column":2},"end":{"line":83,"column":null}},{"start":{},"end":{}}],"line":73},"3":{"loc":{"start":{"line":75,"column":6},"end":{"line":81,"column":null}},"type":"if","locations":[{"start":{"line":75,"column":6},"end":{"line":81,"column":null}},{"start":{},"end":{}}],"line":75},"4":{"loc":{"start":{"line":75,"column":10},"end":{"line":75,"column":53}},"type":"binary-expr","locations":[{"start":{"line":75,"column":10},"end":{"line":75,"column":38}},{"start":{"line":75,"column":38},"end":{"line":75,"column":53}}],"line":75},"5":{"loc":{"start":{"line":78,"column":8},"end":{"line":80,"column":null}},"type":"if","locations":[{"start":{"line":78,"column":8},"end":{"line":80,"column":null}},{"start":{},"end":{}}],"line":78},"6":{"loc":{"start":{"line":78,"column":12},"end":{"line":78,"column":123}},"type":"binary-expr","locations":[{"start":{"line":78,"column":12},"end":{"line":78,"column":41}},{"start":{"line":78,"column":41},"end":{"line":78,"column":73}},{"start":{"line":78,"column":73},"end":{"line":78,"column":123}}],"line":78},"7":{"loc":{"start":{"line":96,"column":2},"end":{"line":96,"column":null}},"type":"if","locations":[{"start":{"line":96,"column":2},"end":{"line":96,"column":null}},{"start":{},"end":{}}],"line":96},"8":{"loc":{"start":{"line":99,"column":2},"end":{"line":99,"column":null}},"type":"if","locations":[{"start":{"line":99,"column":2},"end":{"line":99,"column":null}},{"start":{},"end":{}}],"line":99},"9":{"loc":{"start":{"line":107,"column":4},"end":{"line":110,"column":null}},"type":"binary-expr","locations":[{"start":{"line":107,"column":4},"end":{"line":107,"column":null}},{"start":{"line":108,"column":4},"end":{"line":108,"column":null}},{"start":{"line":109,"column":4},"end":{"line":109,"column":null}},{"start":{"line":110,"column":4},"end":{"line":110,"column":null}}],"line":107},"10":{"loc":{"start":{"line":121,"column":2},"end":{"line":121,"column":null}},"type":"default-arg","locations":[{"start":{"line":121,"column":28},"end":{"line":121,"column":null}}],"line":121},"11":{"loc":{"start":{"line":124,"column":2},"end":{"line":126,"column":null}},"type":"if","locations":[{"start":{"line":124,"column":2},"end":{"line":126,"column":null}},{"start":{},"end":{}}],"line":124},"12":{"loc":{"start":{"line":124,"column":6},"end":{"line":124,"column":69}},"type":"binary-expr","locations":[{"start":{"line":124,"column":6},"end":{"line":124,"column":24}},{"start":{"line":124,"column":24},"end":{"line":124,"column":69}}],"line":124}},"s":{"0":1,"1":0,"2":10,"3":0,"4":10,"5":10,"6":10,"7":9,"8":9,"9":9,"10":2,"11":8,"12":10,"13":0,"14":10,"15":2,"16":8,"17":0,"18":0,"19":0,"20":1,"21":1,"22":1,"23":1,"24":1,"25":1,"26":1},"f":{"0":0,"1":10,"2":10,"3":0},"b":{"0":[0,10],"1":[10,0],"2":[10,0],"3":[9,0],"4":[9,9],"5":[2,7],"6":[9,2,2],"7":[0,10],"8":[2,8],"9":[8,8,6,5],"10":[0],"11":[0,0],"12":[0,0]},"meta":{"lastBranch":13,"lastFunction":4,"lastStatement":27,"seen":{"s:20:38:41:Infinity":0,"f:53:16:53:45":0,"s:58:2:58:Infinity":1,"f:65:16:65:37":1,"b:67:2:69:Infinity:undefined:undefined:undefined:undefined":0,"s:67:2:69:Infinity":2,"b:67:6:67:37:67:37:67:86":1,"s:68:4:68:Infinity":3,"s:72:21:72:Infinity":4,"b:73:2:83:Infinity:undefined:undefined:undefined:undefined":2,"s:73:2:83:Infinity":5,"s:74:4:82:Infinity":6,"b:75:6:81:Infinity:undefined:undefined:undefined:undefined":3,"s:75:6:81:Infinity":7,"b:75:10:75:38:75:38:75:53":4,"s:76:24:76:Infinity":8,"b:78:8:80:Infinity:undefined:undefined:undefined:undefined":5,"s:78:8:80:Infinity":9,"b:78:12:78:41:78:41:78:73:78:73:78:123":6,"s:79:10:79:Infinity":10,"s:85:2:85:Infinity":11,"f:94:16:94:37":2,"b:96:2:96:Infinity:undefined:undefined:undefined:undefined":7,"s:96:2:96:Infinity":12,"s:96:15:96:Infinity":13,"b:99:2:99:Infinity:undefined:undefined:undefined:undefined":8,"s:99:2:99:Infinity":14,"s:99:36:99:Infinity":15,"s:106:2:110:Infinity":16,"b:107:4:107:Infinity:108:4:108:Infinity:109:4:109:Infinity:110:4:110:Infinity":9,"f:118:16:118:Infinity":3,"b:121:28:121:Infinity":10,"b:124:2:126:Infinity:undefined:undefined:undefined:undefined":11,"s:124:2:126:Infinity":17,"b:124:6:124:24:124:24:124:69":12,"s:125:4:125:Infinity":18,"s:127:2:127:Infinity":19,"s:134:41:173:Infinity":20,"s:180:42:209:Infinity":21,"s:215:33:242:Infinity":22,"s:248:32:275:Infinity":23,"s:281:37:304:Infinity":24,"s:311:34:318:Infinity":25,"s:351:38:397:Infinity":26}}}
,"D:\\Codebox\\PROJECTS\\FluidFlow\\utils\\safeJson.ts": {"path":"D:\\Codebox\\PROJECTS\\FluidFlow\\utils\\safeJson.ts","statementMap":{"0":{"start":{"line":6,"column":2},"end":{"line":8,"column":null}},"1":{"start":{"line":7,"column":4},"end":{"line":7,"column":null}},"2":{"start":{"line":10,"column":2},"end":{"line":15,"column":null}},"3":{"start":{"line":11,"column":4},"end":{"line":11,"column":null}},"4":{"start":{"line":13,"column":4},"end":{"line":13,"column":null}},"5":{"start":{"line":14,"column":4},"end":{"line":14,"column":null}},"6":{"start":{"line":20,"column":2},"end":{"line":22,"column":null}},"7":{"start":{"line":21,"column":4},"end":{"line":21,"column":null}},"8":{"start":{"line":25,"column":2},"end":{"line":27,"column":null}},"9":{"start":{"line":26,"column":4},"end":{"line":26,"column":null}},"10":{"start":{"line":30,"column":2},"end":{"line":32,"column":null}},"11":{"start":{"line":31,"column":4},"end":{"line":31,"column":null}},"12":{"start":{"line":34,"column":2},"end":{"line":55,"column":null}},"13":{"start":{"line":36,"column":21},"end":{"line":44,"column":null}},"14":{"start":{"line":37,"column":6},"end":{"line":39,"column":null}},"15":{"start":{"line":38,"column":8},"end":{"line":38,"column":null}},"16":{"start":{"line":40,"column":6},"end":{"line":42,"column":null}},"17":{"start":{"line":41,"column":8},"end":{"line":41,"column":null}},"18":{"start":{"line":43,"column":6},"end":{"line":43,"column":null}},"19":{"start":{"line":46,"column":19},"end":{"line":46,"column":null}},"20":{"start":{"line":48,"column":4},"end":{"line":50,"column":null}},"21":{"start":{"line":49,"column":6},"end":{"line":49,"column":null}},"22":{"start":{"line":51,"column":4},"end":{"line":51,"column":null}},"23":{"start":{"line":53,"column":4},"end":{"line":53,"column":null}},"24":{"start":{"line":54,"column":4},"end":{"line":54,"column":null}},"25":{"start":{"line":59,"column":2},"end":{"line":59,"column":null}}},"fnMap":{"0":{"name":"safeJsonParse","decl":{"start":{"line":5,"column":16},"end":{"line":5,"column":33}},"loc":{"start":{"line":5,"column":82},"end":{"line":16,"column":null}},"line":5},"1":{"name":"safeJsonStringify","decl":{"start":{"line":18,"column":16},"end":{"line":18,"column":34}},"loc":{"start":{"line":18,"column":81},"end":{"line":56,"column":null}},"line":18},"2":{"name":"(anonymous_2)","decl":{"start":{"line":36,"column":21},"end":{"line":36,"column":22}},"loc":{"start":{"line":36,"column":64},"end":{"line":44,"column":null}},"line":36},"3":{"name":"safeJsonParseWithDefault","decl":{"start":{"line":58,"column":16},"end":{"line":58,"column":44}},"loc":{"start":{"line":58,"column":87},"end":{"line":60,"column":null}},"line":58}},"branchMap":{"0":{"loc":{"start":{"line":6,"column":2},"end":{"line":8,"column":null}},"type":"if","locations":[{"start":{"line":6,"column":2},"end":{"line":8,"column":null}},{"start":{},"end":{}}],"line":6},"1":{"loc":{"start":{"line":18,"column":48},"end":{"line":18,"column":81}},"type":"default-arg","locations":[{"start":{"line":18,"column":67},"end":{"line":18,"column":81}}],"line":18},"2":{"loc":{"start":{"line":20,"column":2},"end":{"line":22,"column":null}},"type":"if","locations":[{"start":{"line":20,"column":2},"end":{"line":22,"column":null}},{"start":{},"end":{}}],"line":20},"3":{"loc":{"start":{"line":20,"column":6},"end":{"line":20,"column":54}},"type":"binary-expr","locations":[{"start":{"line":20,"column":6},"end":{"line":20,"column":27}},{"start":{"line":20,"column":27},"end":{"line":20,"column":54}}],"line":20},"4":{"loc":{"start":{"line":25,"column":2},"end":{"line":27,"column":null}},"type":"if","locations":[{"start":{"line":25,"column":2},"end":{"line":27,"column":null}},{"start":{},"end":{}}],"line":25},"5":{"loc":{"start":{"line":30,"column":2},"end":{"line":32,"column":null}},"type":"if","locations":[{"start":{"line":30,"column":2},"end":{"line":32,"column":null}},{"start":{},"end":{}}],"line":30},"6":{"loc":{"start":{"line":37,"column":6},"end":{"line":39,"column":null}},"type":"if","locations":[{"start":{"line":37,"column":6},"end":{"line":39,"column":null}},{"start":{},"end":{}}],"line":37},"7":{"loc":{"start":{"line":40,"column":6},"end":{"line":42,"column":null}},"type":"if","locations":[{"start":{"line":40,"column":6},"end":{"line":42,"column":null}},{"start":{},"end":{}}],"line":40},"8":{"loc":{"start":{"line":48,"column":4},"end":{"line":50,"column":null}},"type":"if","locations":[{"start":{"line":48,"column":4},"end":{"line":50,"column":null}},{"start":{},"end":{}}],"line":48}},"s":{"0":9,"1":3,"2":6,"3":6,"4":1,"5":1,"6":9,"7":3,"8":6,"9":0,"10":6,"11":0,"12":6,"13":6,"14":10,"15":0,"16":10,"17":0,"18":10,"19":6,"20":6,"21":0,"22":5,"23":1,"24":1,"25":0},"f":{"0":9,"1":9,"2":10,"3":0},"b":{"0":[3,6],"1":[9],"2":[3,6],"3":[9,8],"4":[0,6],"5":[0,6],"6":[0,10],"7":[0,10],"8":[0,6]},"meta":{"lastBranch":9,"lastFunction":4,"lastStatement":26,"seen":{"f:5:16:5:33":0,"b:6:2:8:Infinity:undefined:undefined:undefined:undefined":0,"s:6:2:8:Infinity":0,"s:7:4:7:Infinity":1,"s:10:2:15:Infinity":2,"s:11:4:11:Infinity":3,"s:13:4:13:Infinity":4,"s:14:4:14:Infinity":5,"f:18:16:18:34":1,"b:18:67:18:81":1,"b:20:2:22:Infinity:undefined:undefined:undefined:undefined":2,"s:20:2:22:Infinity":6,"b:20:6:20:27:20:27:20:54":3,"s:21:4:21:Infinity":7,"b:25:2:27:Infinity:undefined:undefined:undefined:undefined":4,"s:25:2:27:Infinity":8,"s:26:4:26:Infinity":9,"b:30:2:32:Infinity:undefined:undefined:undefined:undefined":5,"s:30:2:32:Infinity":10,"s:31:4:31:Infinity":11,"s:34:2:55:Infinity":12,"s:36:21:44:Infinity":13,"f:36:21:36:22":2,"b:37:6:39:Infinity:undefined:undefined:undefined:undefined":6,"s:37:6:39:Infinity":14,"s:38:8:38:Infinity":15,"b:40:6:42:Infinity:undefined:undefined:undefined:undefined":7,"s:40:6:42:Infinity":16,"s:41:8:41:Infinity":17,"s:43:6:43:Infinity":18,"s:46:19:46:Infinity":19,"b:48:4:50:Infinity:undefined:undefined:undefined:undefined":8,"s:48:4:50:Infinity":20,"s:49:6:49:Infinity":21,"s:51:4:51:Infinity":22,"s:53:4:53:Infinity":23,"s:54:4:54:Infinity":24,"f:58:16:58:44":3,"s:59:2:59:Infinity":25}}}
,"D:\\Codebox\\PROJECTS\\FluidFlow\\utils\\validation.ts": {"path":"D:\\Codebox\\PROJECTS\\FluidFlow\\utils\\validation.ts","statementMap":{"0":{"start":{"line":11,"column":2},"end":{"line":13,"column":null}},"1":{"start":{"line":12,"column":4},"end":{"line":12,"column":null}},"2":{"start":{"line":16,"column":2},"end":{"line":18,"column":null}},"3":{"start":{"line":17,"column":4},"end":{"line":17,"column":null}},"4":{"start":{"line":21,"column":20},"end":{"line":21,"column":null}},"5":{"start":{"line":22,"column":17},"end":{"line":22,"column":null}},"6":{"start":{"line":23,"column":24},"end":{"line":23,"column":null}},"7":{"start":{"line":24,"column":19},"end":{"line":24,"column":null}},"8":{"start":{"line":25,"column":2},"end":{"line":34,"column":null}},"9":{"start":{"line":26,"column":4},"end":{"line":26,"column":null}},"10":{"start":{"line":27,"column":4},"end":{"line":32,"column":null}},"11":{"start":{"line":28,"column":6},"end":{"line":28,"column":null}},"12":{"start":{"line":31,"column":6},"end":{"line":31,"column":null}},"13":{"start":{"line":33,"column":4},"end":{"line":33,"column":null}},"14":{"start":{"line":37,"column":28},"end":{"line":37,"column":null}},"15":{"start":{"line":41,"column":2},"end":{"line":43,"column":null}},"16":{"start":{"line":42,"column":4},"end":{"line":42,"column":null}},"17":{"start":{"line":46,"column":2},"end":{"line":48,"column":null}},"18":{"start":{"line":47,"column":4},"end":{"line":47,"column":null}},"19":{"start":{"line":51,"column":2},"end":{"line":53,"column":null}},"20":{"start":{"line":52,"column":4},"end":{"line":52,"column":null}},"21":{"start":{"line":56,"column":21},"end":{"line":56,"column":null}},"22":{"start":{"line":59,"column":2},"end":{"line":61,"column":null}},"23":{"start":{"line":60,"column":4},"end":{"line":60,"column":null}},"24":{"start":{"line":64,"column":2},"end":{"line":72,"column":null}},"25":{"start":{"line":65,"column":25},"end":{"line":65,"column":null}},"26":{"start":{"line":66,"column":21},"end":{"line":66,"column":null}},"27":{"start":{"line":67,"column":4},"end":{"line":69,"column":null}},"28":{"start":{"line":68,"column":6},"end":{"line":68,"column":null}},"29":{"start":{"line":71,"column":4},"end":{"line":71,"column":null}},"30":{"start":{"line":75,"column":2},"end":{"line":75,"column":null}},"31":{"start":{"line":82,"column":2},"end":{"line":84,"column":null}},"32":{"start":{"line":83,"column":4},"end":{"line":83,"column":null}},"33":{"start":{"line":87,"column":23},"end":{"line":87,"column":null}},"34":{"start":{"line":88,"column":2},"end":{"line":88,"column":null}},"35":{"start":{"line":97,"column":2},"end":{"line":99,"column":null}},"36":{"start":{"line":98,"column":4},"end":{"line":98,"column":null}},"37":{"start":{"line":102,"column":14},"end":{"line":102,"column":null}},"38":{"start":{"line":105,"column":2},"end":{"line":107,"column":null}},"39":{"start":{"line":106,"column":4},"end":{"line":106,"column":null}},"40":{"start":{"line":110,"column":18},"end":{"line":110,"column":null}},"41":{"start":{"line":113,"column":2},"end":{"line":118,"column":null}},"42":{"start":{"line":121,"column":2},"end":{"line":121,"column":null}},"43":{"start":{"line":122,"column":2},"end":{"line":122,"column":null}},"44":{"start":{"line":123,"column":2},"end":{"line":123,"column":null}},"45":{"start":{"line":126,"column":2},"end":{"line":126,"column":null}},"46":{"start":{"line":129,"column":2},"end":{"line":129,"column":null}},"47":{"start":{"line":131,"column":2},"end":{"line":131,"column":null}},"48":{"start":{"line":138,"column":2},"end":{"line":138,"column":null}},"49":{"start":{"line":145,"column":2},"end":{"line":145,"column":null}}},"fnMap":{"0":{"name":"validateFilePath","decl":{"start":{"line":10,"column":16},"end":{"line":10,"column":33}},"loc":{"start":{"line":10,"column":82},"end":{"line":76,"column":null}},"line":10},"1":{"name":"validateProjectId","decl":{"start":{"line":81,"column":16},"end":{"line":81,"column":34}},"loc":{"start":{"line":81,"column":62},"end":{"line":89,"column":null}},"line":81},"2":{"name":"sanitizeInput","decl":{"start":{"line":95,"column":16},"end":{"line":95,"column":30}},"loc":{"start":{"line":95,"column":54},"end":{"line":132,"column":null}},"line":95},"3":{"name":"validateFileSize","decl":{"start":{"line":137,"column":16},"end":{"line":137,"column":33}},"loc":{"start":{"line":137,"column":92},"end":{"line":139,"column":null}},"line":137},"4":{"name":"validateMimeType","decl":{"start":{"line":144,"column":16},"end":{"line":144,"column":33}},"loc":{"start":{"line":144,"column":84},"end":{"line":146,"column":null}},"line":144}},"branchMap":{"0":{"loc":{"start":{"line":10,"column":51},"end":{"line":10,"column":82}},"type":"default-arg","locations":[{"start":{"line":10,"column":70},"end":{"line":10,"column":82}}],"line":10},"1":{"loc":{"start":{"line":11,"column":2},"end":{"line":13,"column":null}},"type":"if","locations":[{"start":{"line":11,"column":2},"end":{"line":13,"column":null}},{"start":{},"end":{}}],"line":11},"2":{"loc":{"start":{"line":11,"column":6},"end":{"line":11,"column":49}},"type":"binary-expr","locations":[{"start":{"line":11,"column":6},"end":{"line":11,"column":19}},{"start":{"line":11,"column":19},"end":{"line":11,"column":49}}],"line":11},"3":{"loc":{"start":{"line":16,"column":2},"end":{"line":18,"column":null}},"type":"if","locations":[{"start":{"line":16,"column":2},"end":{"line":18,"column":null}},{"start":{},"end":{}}],"line":16},"4":{"loc":{"start":{"line":25,"column":9},"end":{"line":25,"column":65}},"type":"binary-expr","locations":[{"start":{"line":25,"column":9},"end":{"line":25,"column":37}},{"start":{"line":25,"column":37},"end":{"line":25,"column":65}}],"line":25},"5":{"loc":{"start":{"line":41,"column":2},"end":{"line":43,"column":null}},"type":"if","locations":[{"start":{"line":41,"column":2},"end":{"line":43,"column":null}},{"start":{},"end":{}}],"line":41},"6":{"loc":{"start":{"line":41,"column":6},"end":{"line":41,"column":99}},"type":"binary-expr","locations":[{"start":{"line":41,"column":6},"end":{"line":41,"column":36}},{"start":{"line":41,"column":36},"end":{"line":41,"column":72}},{"start":{"line":41,"column":72},"end":{"line":41,"column":99}}],"line":41},"7":{"loc":{"start":{"line":46,"column":2},"end":{"line":48,"column":null}},"type":"if","locations":[{"start":{"line":46,"column":2},"end":{"line":48,"column":null}},{"start":{},"end":{}}],"line":46},"8":{"loc":{"start":{"line":46,"column":6},"end":{"line":46,"column":65}},"type":"binary-expr","locations":[{"start":{"line":46,"column":6},"end":{"line":46,"column":35}},{"start":{"line":46,"column":35},"end":{"line":46,"column":65}}],"line":46},"9":{"loc":{"start":{"line":51,"column":2},"end":{"line":53,"column":null}},"type":"if","locations":[{"start":{"line":51,"column":2},"end":{"line":53,"column":null}},{"start":{},"end":{}}],"line":51},"10":{"loc":{"start":{"line":51,"column":6},"end":{"line":51,"column":79}},"type":"binary-expr","locations":[{"start":{"line":51,"column":6},"end":{"line":51,"column":42}},{"start":{"line":51,"column":42},"end":{"line":51,"column":79}}],"line":51},"11":{"loc":{"start":{"line":59,"column":2},"end":{"line":61,"column":null}},"type":"if","locations":[{"start":{"line":59,"column":2},"end":{"line":61,"column":null}},{"start":{},"end":{}}],"line":59},"12":{"loc":{"start":{"line":59,"column":6},"end":{"line":59,"column":64}},"type":"binary-expr","locations":[{"start":{"line":59,"column":6},"end":{"line":59,"column":35}},{"start":{"line":59,"column":35},"end":{"line":59,"column":64}}],"line":59},"13":{"loc":{"start":{"line":64,"column":2},"end":{"line":72,"column":null}},"type":"if","locations":[{"start":{"line":64,"column":2},"end":{"line":72,"column":null}},{"start":{},"end":{}}],"line":64},"14":{"loc":{"start":{"line":67,"column":4},"end":{"line":69,"column":null}},"type":"if","locations":[{"start":{"line":67,"column":4},"end":{"line":69,"column":null}},{"start":{},"end":{}}],"line":67},"15":{"loc":{"start":{"line":82,"column":2},"end":{"line":84,"column":null}},"type":"if","locations":[{"start":{"line":82,"column":2},"end":{"line":84,"column":null}},{"start":{},"end":{}}],"line":82},"16":{"loc":{"start":{"line":82,"column":6},"end":{"line":82,"column":51}},"type":"binary-expr","locations":[{"start":{"line":82,"column":6},"end":{"line":82,"column":20}},{"start":{"line":82,"column":20},"end":{"line":82,"column":51}}],"line":82},"17":{"loc":{"start":{"line":97,"column":2},"end":{"line":99,"column":null}},"type":"if","locations":[{"start":{"line":97,"column":2},"end":{"line":99,"column":null}},{"start":{},"end":{}}],"line":97},"18":{"loc":{"start":{"line":97,"column":6},"end":{"line":97,"column":45}},"type":"binary-expr","locations":[{"start":{"line":97,"column":6},"end":{"line":97,"column":24}},{"start":{"line":97,"column":24},"end":{"line":97,"column":45}}],"line":97},"19":{"loc":{"start":{"line":102,"column":14},"end":{"line":102,"column":null}},"type":"cond-expr","locations":[{"start":{"line":102,"column":42},"end":{"line":102,"column":50}},{"start":{"line":102,"column":50},"end":{"line":102,"column":null}}],"line":102},"20":{"loc":{"start":{"line":105,"column":2},"end":{"line":107,"column":null}},"type":"if","locations":[{"start":{"line":105,"column":2},"end":{"line":107,"column":null}},{"start":{},"end":{}}],"line":105},"21":{"loc":{"start":{"line":137,"column":47},"end":{"line":137,"column":92}},"type":"default-arg","locations":[{"start":{"line":137,"column":65},"end":{"line":137,"column":92}}],"line":137},"22":{"loc":{"start":{"line":138,"column":9},"end":{"line":138,"column":null}},"type":"binary-expr","locations":[{"start":{"line":138,"column":9},"end":{"line":138,"column":21}},{"start":{"line":138,"column":21},"end":{"line":138,"column":null}}],"line":138}},"s":{"0":22,"1":3,"2":19,"3":2,"4":17,"5":17,"6":17,"7":17,"8":17,"9":19,"10":19,"11":19,"12":0,"13":19,"14":17,"15":17,"16":8,"17":9,"18":2,"19":7,"20":0,"21":7,"22":7,"23":0,"24":7,"25":1,"26":1,"27":1,"28":0,"29":1,"30":6,"31":10,"32":3,"33":7,"34":7,"35":14,"36":2,"37":12,"38":14,"39":1,"40":11,"41":11,"42":11,"43":11,"44":11,"45":11,"46":11,"47":11,"48":7,"49":5},"f":{"0":22,"1":10,"2":14,"3":7,"4":5},"b":{"0":[22],"1":[3,19],"2":[22,19],"3":[2,17],"4":[17,19],"5":[8,9],"6":[17,9,9],"7":[2,7],"8":[9,7],"9":[0,7],"10":[7,7],"11":[0,7],"12":[7,7],"13":[1,6],"14":[0,1],"15":[3,7],"16":[10,7],"17":[2,12],"18":[14,13],"19":[12,0],"20":[1,13],"21":[7],"22":[7,5]},"meta":{"lastBranch":23,"lastFunction":5,"lastStatement":50,"seen":{"f:10:16:10:33":0,"b:10:70:10:82":0,"b:11:2:13:Infinity:undefined:undefined:undefined:undefined":1,"s:11:2:13:Infinity":0,"b:11:6:11:19:11:19:11:49":2,"s:12:4:12:Infinity":1,"b:16:2:18:Infinity:undefined:undefined:undefined:undefined":3,"s:16:2:18:Infinity":2,"s:17:4:17:Infinity":3,"s:21:20:21:Infinity":4,"s:22:17:22:Infinity":5,"s:23:24:23:Infinity":6,"s:24:19:24:Infinity":7,"s:25:2:34:Infinity":8,"b:25:9:25:37:25:37:25:65":4,"s:26:4:26:Infinity":9,"s:27:4:32:Infinity":10,"s:28:6:28:Infinity":11,"s:31:6:31:Infinity":12,"s:33:4:33:Infinity":13,"s:37:28:37:Infinity":14,"b:41:2:43:Infinity:undefined:undefined:undefined:undefined":5,"s:41:2:43:Infinity":15,"b:41:6:41:36:41:36:41:72:41:72:41:99":6,"s:42:4:42:Infinity":16,"b:46:2:48:Infinity:undefined:undefined:undefined:undefined":7,"s:46:2:48:Infinity":17,"b:46:6:46:35:46:35:46:65":8,"s:47:4:47:Infinity":18,"b:51:2:53:Infinity:undefined:undefined:undefined:undefined":9,"s:51:2:53:Infinity":19,"b:51:6:51:42:51:42:51:79":10,"s:52:4:52:Infinity":20,"s:56:21:56:Infinity":21,"b:59:2:61:Infinity:undefined:undefined:undefined:undefined":11,"s:59:2:61:Infinity":22,"b:59:6:59:35:59:35:59:64":12,"s:60:4:60:Infinity":23,"b:64:2:72:Infinity:undefined:undefined:undefined:undefined":13,"s:64:2:72:Infinity":24,"s:65:25:65:Infinity":25,"s:66:21:66:Infinity":26,"b:67:4:69:Infinity:undefined:undefined:undefined:undefined":14,"s:67:4:69:Infinity":27,"s:68:6:68:Infinity":28,"s:71:4:71:Infinity":29,"s:75:2:75:Infinity":30,"f:81:16:81:34":1,"b:82:2:84:Infinity:undefined:undefined:undefined:undefined":15,"s:82:2:84:Infinity":31,"b:82:6:82:20:82:20:82:51":16,"s:83:4:83:Infinity":32,"s:87:23:87:Infinity":33,"s:88:2:88:Infinity":34,"f:95:16:95:30":2,"b:97:2:99:Infinity:undefined:undefined:undefined:undefined":17,"s:97:2:99:Infinity":35,"b:97:6:97:24:97:24:97:45":18,"s:98:4:98:Infinity":36,"s:102:14:102:Infinity":37,"b:102:42:102:50:102:50:102:Infinity":19,"b:105:2:107:Infinity:undefined:undefined:undefined:undefined":20,"s:105:2:107:Infinity":38,"s:106:4:106:Infinity":39,"s:110:18:110:Infinity":40,"s:113:2:118:Infinity":41,"s:121:2:121:Infinity":42,"s:122:2:122:Infinity":43,"s:123:2:123:Infinity":44,"s:126:2:126:Infinity":45,"s:129:2:129:Infinity":46,"s:131:2:131:Infinity":47,"f:137:16:137:33":3,"b:137:65:137:92":21,"s:138:2:138:Infinity":48,"b:138:9:138:21:138:21:138:Infinity":22,"f:144:16:144:33":4,"s:145:2:145:Infinity":49}}}
}
